# Activity Log

## Run Summary
- 2026-05-07 21:07:30 | run=20260507-205447-62953 | iter=1 | mode=build | story=S04-01-build-step-form-validation-and-smart-tags | duration=763s | status=success
- 2026-05-07 20:39:28 | run=20260507-200253-24281 | iter=3 | mode=build | story=S03-03-build-video-player-and-modal | duration=727s | status=success
- 2026-05-07 20:27:16 | run=20260507-200253-24281 | iter=2 | mode=build | story=S03-02-implement-video-processing-pipeline | duration=571s | status=success
- 2026-05-07 20:17:40 | run=20260507-200253-24281 | iter=1 | mode=build | story=S03-01-implement-video-hashing-upload-and-duplicate-detection | duration=887s | status=success
- 2026-05-07 19:57:19 | run=20260507-194102-61024 | iter=1 | mode=build | story=S02-04-create-migration-and-backfill-tooling | duration=977s | status=success
- 2026-05-07 13:17:17 | run=20260507-130957-33268 | iter=1 | mode=build | story=S02-03-implement-owner-scoped-queries-and-mutations | duration=440s | status=success

## Events

[2026-05-07 13:09:58] ITERATION 1 start (mode=build story=S02-03-implement-owner-scoped-queries-and-mutations)
2026-05-07 13:14:25 +0200 Start S02-03 owner-scoped Convex APIs; helper /Users/maciejkucharski/work/steps-thing/ralph missing, manual log.
2026-05-07 13:14:25 +0200 Added owner-scoped step/session Convex APIs and model tests.
2026-05-07 13:16:33 +0200 Verification passed: typecheck, lint, test, build, convex dev once.
2026-05-07 13:17:04 +0200 Updated progress log for S02-03 no-commit run.
[2026-05-07 13:17:17] ITERATION 1 end (duration=440s)
[2026-05-07 19:41:03] ITERATION 1 start (mode=build story=S02-04-create-migration-and-backfill-tooling)
2026-05-07T19:50:13+02:00 Major code changes: migration audit/map/import tooling and Convex admin APIs
2026-05-07T19:54:06+02:00 Verification: audit, dry-run, typecheck, lint, test, build, Convex dev once completed
2026-05-07T19:55:38+02:00 Updated progress log for S02-04 migration tooling
[2026-05-07 19:57:19] ITERATION 1 end (duration=977s)
[2026-05-07 20:02:53] ITERATION 1 start (mode=build story=S03-01-implement-video-hashing-upload-and-duplicate-detection)
[2026-05-07 20:03:41] Start S03-01 video hashing upload duplicate detection
[2026-05-07 20:08:40] Implemented video hashing upload helpers Convex API and upload field
[2026-05-07 20:12:19] Verification completed: typecheck lint test build Convex dev once; browser redirected unauthenticated /steps/new without console errors
[2026-05-07 20:15:49] Final verification passed and review completed for S03-01
[2026-05-07 20:16:35] Updated progress log for S03-01 video upload hashing
[2026-05-07 20:17:40] ITERATION 1 end (duration=887s)
[2026-05-07 20:17:45] ITERATION 2 start (mode=build story=S03-02-implement-video-processing-pipeline)
[2026-05-07 20:18:30] Start S03-02 video processing pipeline
[2026-05-07 20:23:10] Implemented video processing helpers, Convex jobs, GCS worker
[2026-05-07 20:24:33] Verification passed for S03-02 video processing pipeline
[2026-05-07 20:26:02] Updated progress log for S03-02 video processing pipeline
[2026-05-07 20:27:16] ITERATION 2 end (duration=571s)
[2026-05-07 20:27:21] ITERATION 3 start (mode=build story=S03-03-build-video-player-and-modal)
[2026-05-07 20:28:31] Start S03-03 build video player and modal
[2026-05-07 20:31:31] Implemented reusable video player, controls, modal, aspect wrapper, and component tests
[2026-05-07 20:34:38] Browser verified video player controls and modal on temporary Next route
[2026-05-07 20:35:35] Verification passed: pnpm test -- --run, pnpm typecheck, pnpm lint, pnpm build
[2026-05-07 20:37:15] Completed security performance regression review before commit
[2026-05-07 20:38:11] Updated progress log for S03-03 video player and modal
[2026-05-07 20:39:28] ITERATION 3 end (duration=727s)
[2026-05-07 20:54:48] ITERATION 1 start (mode=build story=S04-01-build-step-form-validation-and-smart-tags)
[2026-05-07 21:00:09] Implemented shared step form schema controls smart tags and tests
[2026-05-07 21:03:36] Browser verified step form via temporary local preview route
[2026-05-07 21:05:11] Verification passed: pnpm typecheck, lint, test, build
[2026-05-07 21:05:43] Completed security performance regression review for S04-01
[2026-05-07 21:06:08] Updated progress log for S04-01 step form validation and smart tags
[2026-05-07 21:07:30] ITERATION 1 end (duration=763s)
